Loading cineca-ai/4.3.0
  Loading requirement: cuda/12.1 nccl/2.19.1-1--gcc--12.2.0-cuda-12.1
    cudnn/8.9.7.29-12--gcc--12.2.0-cuda-12.1 gcc/12.2.0-binut2.41
    openmpi/4.1.6--gcc--12.2.0 bzip2/1.0.8-gp5wcz5 libmd/1.0.4-wja3f5q
    libbsd/0.11.7-cgxjopl expat/2.5.0-bptl3xw ncurses/6.4-asx3jea
    readline/8.2-nyw6mp6 gdbm/1.23-fs6otck libiconv/1.17-d7yvx2s
    xz/5.4.1-hubmwr5 zlib-ng/2.1.4-6htiapk libxml2/2.10.3-5eeeokp
    pigz/2.7-bopr5vp zstd/1.5.5-gawytfl tar/1.34-amqus5s gettext/0.22.3-2g7elif
    libffi/3.4.4-6r7brdq libxcrypt/4.4.35-ss2rzin sqlite/3.43.2
    util-linux-uuid/2.38.1-jkdi7kv python/3.11.6--gcc--8.5.0 cmake/3.27.7
    openjdk/11.0.20.1_1
Building GLiNER (matches train.py architecture) ...
  using local backbone at: /leonardo_work/try26_fantazzi/soft-prefix-ner/data/microsoft--deberta-v3-small
  device: cuda:0    cuda_available: True
  gpu: NVIDIA A100-SXM-64GB

Loading CrossNER subsets ...
  ai          samples=  431  labels(14): ['algorithm', 'conference', 'country', 'field', 'location', 'metrics', 'misc', 'organisation', 'person', 'product', 'programming language', 'researcher', 'task', 'university']
  literature  samples=  416  labels(12): ['award', 'book', 'country', 'event', 'literary genre', 'location', 'magazine', 'misc', 'organisation', 'person', 'poem', 'writer']
  music       samples=  465  labels(13): ['album', 'award', 'band', 'country', 'event', 'location', 'misc', 'music genre', 'musical artist', 'musical instrument', 'organisation', 'person', 'song']
  politics    samples=  651  labels(9): ['country', 'election', 'event', 'location', 'misc', 'organisation', 'person', 'political party', 'politician']
  science     samples=  543  labels(17): ['academic journal', 'astronomical object', 'award', 'chemical compound', 'chemical element', 'country', 'discipline', 'enzyme', 'event', 'location', 'misc', 'organisation', 'person', 'protein', 'scientist', 'theory', 'university']

======================================================================
  Loading best_f1.pt
======================================================================
  copied=44  missing=0  unexpected=0

  [best_f1.pt] CrossNER/ai (closed taxonomy, 14 labels)
    -> P: 44.90%	R: 43.28%	F1: 44.08%

  [best_f1.pt] CrossNER/literature (closed taxonomy, 12 labels)
    -> P: 50.51%	R: 45.68%	F1: 47.97%

  [best_f1.pt] CrossNER/music (closed taxonomy, 13 labels)
    -> P: 70.11%	R: 66.16%	F1: 68.08%

  [best_f1.pt] CrossNER/politics (closed taxonomy, 9 labels)
    -> P: 64.79%	R: 57.71%	F1: 61.05%

  [best_f1.pt] CrossNER/science (closed taxonomy, 17 labels)
    -> P: 47.79%	R: 43.70%	F1: 45.65%

======================================================================
  Loading best_val_loss.pt
======================================================================
  copied=44  missing=0  unexpected=0

  [best_val_loss.pt] CrossNER/ai (closed taxonomy, 14 labels)
    -> P: 51.25%	R: 47.43%	F1: 49.27%

  [best_val_loss.pt] CrossNER/literature (closed taxonomy, 12 labels)
    -> P: 47.14%	R: 42.63%	F1: 44.77%

  [best_val_loss.pt] CrossNER/music (closed taxonomy, 13 labels)
    -> P: 66.88%	R: 65.86%	F1: 66.36%

  [best_val_loss.pt] CrossNER/politics (closed taxonomy, 9 labels)
    -> P: 60.53%	R: 61.20%	F1: 60.86%

  [best_val_loss.pt] CrossNER/science (closed taxonomy, 17 labels)
    -> P: 49.79%	R: 50.28%	F1: 50.03%

==============================================================================
  SUMMARY (closed-taxonomy)
==============================================================================
  Checkpoint           Dataset                  #L    #N        P        R       F1
  ------------------------------------------------------------------------
  best_f1.pt           CrossNER/ai              14   431   0.4490   0.4328   0.4408
  best_f1.pt           CrossNER/literature      12   416   0.5051   0.4568   0.4797
  best_f1.pt           CrossNER/music           13   465   0.7011   0.6616   0.6808
  best_f1.pt           CrossNER/politics         9   651   0.6479   0.5771   0.6105
  best_f1.pt           CrossNER/science         17   543   0.4779   0.4370   0.4565
  best_val_loss.pt     CrossNER/ai              14   431   0.5125   0.4743   0.4927
  best_val_loss.pt     CrossNER/literature      12   416   0.4714   0.4263   0.4477
  best_val_loss.pt     CrossNER/music           13   465   0.6688   0.6586   0.6636
  best_val_loss.pt     CrossNER/politics         9   651   0.6053   0.6120   0.6086
  best_val_loss.pt     CrossNER/science         17   543   0.4979   0.5028   0.5003
==============================================================================
