Device: cuda
Building GLiNER + soft prompt ...
Loading checkpoint: C:\Users\Franco\Downloads\Tirocinio-SoftPrompting\custom_gliner\custom_gliner\soft_gliner_1\best_f1.pt
  copied=44  missing=0  unexpected=0

Loading dataset: DFKI-SLT/cross_ner (conll2003)...

================================================================================
Processing Example 1/3
Sentence: CRICKET - LEICESTERSHIRE TAKE OVER AT TOP AFTER INNINGS VICTORY .
Tags:     ['person', 'location', 'organization', 'miscellaneous']
================================================================================

########################################################################
#   COSINE PROBE OF THE *PERTURBED* TAG REPRESENTATION
########################################################################
Reference: mean ||vocab embedding|| = 3.490

Token [2] "▁person" [cosine(orig,perturbed) = 0.120]
  ||original||  = 3.456   (vocab ref: 3.490)
  ||perturbed|| = 87.387   (vocab ref: 3.490)
  before: person( 1.00 ) | Person( 0.81 ) | PERSON( 0.76 ) | persons( 0.75 ) | people( 0.71 ) | Persons( 0.67 ) | man( 0.66 ) | someone( 0.65 ) | woman( 0.65 ) | People( 0.63 )
  after : slur( 0.18 ) | NETWORK( 0.17 ) | jus( 0.17 ) | Clearview( 0.17 ) | Rauner( 0.17 ) | disservice( 0.17 ) | horn( 0.16 ) | shabby( 0.16 ) | likeness( 0.16 ) | Pima( 0.16 )
  ||delta||     = 87.041
  delta : slur( 0.16 ) | NETWORK( 0.16 ) | Clearview( 0.15 ) | jus( 0.15 ) | Rauner( 0.15 ) | disservice( 0.15 ) | shabby( 0.15 ) | horn( 0.15 ) | likeness( 0.15 ) | PerimeterX( 0.14 )

Token [4] "▁location" [cosine(orig,perturbed) = 0.124]
  ||original||  = 3.437   (vocab ref: 3.490)
  ||perturbed|| = 87.621   (vocab ref: 3.490)
  before: location( 1.00 ) | locations( 0.87 ) | Location( 0.79 ) | Locations( 0.69 ) | located( 0.67 ) | LOCATION( 0.65 ) | locate( 0.63 ) | Located( 0.62 ) | locale( 0.61 ) | locating( 0.61 )
  after : cloth( 0.16 ) | 유( 0.16 ) | Canine( 0.16 ) | Rauner( 0.16 ) | misdemeanor( 0.15 ) | discussion( 0.15 ) | DeWine( 0.15 ) | Aotearoa( 0.15 ) | WGN( 0.15 ) | NETWORK( 0.15 )
  ||delta||     = 87.262
  delta : 유( 0.15 ) | cloth( 0.15 ) | Canine( 0.14 ) | Rauner( 0.14 ) | misdemeanor( 0.14 ) | Aotearoa( 0.14 ) | NETWORK( 0.14 ) | WGN( 0.14 ) | AIA( 0.14 ) | Mulch( 0.14 )

Token [6] "▁organization" [cosine(orig,perturbed) = 0.081]
  ||original||  = 3.477   (vocab ref: 3.490)
  ||perturbed|| = 111.850   (vocab ref: 3.490)
  before: organization( 1.00 ) | organizations( 0.88 ) | organisation( 0.83 ) | organisations( 0.78 ) | organizational( 0.75 ) | Organization( 0.72 ) | Organizations( 0.71 ) | ORGANIZATION( 0.71 ) | organized( 0.67 ) | organizing( 0.67 )
  after : 유( 0.18 ) | NETWORK( 0.17 ) | misdemeanor( 0.16 ) | GAIN( 0.16 ) | DeV( 0.16 ) | Shade( 0.16 ) | Rauner( 0.16 ) | distortion( 0.16 ) | Finlay( 0.16 ) | adulteration( 0.16 )
  ||delta||     = 111.621
  delta : 유( 0.17 ) | NETWORK( 0.15 ) | GAIN( 0.15 ) | misdemeanor( 0.15 ) | DeV( 0.15 ) | Shade( 0.14 ) | Rauner( 0.14 ) | Finlay( 0.14 ) | adulteration( 0.14 ) | distortion( 0.14 )

Token [8] "▁miscellaneous" [cosine(orig,perturbed) = 0.019]
  ||original||  = 3.347   (vocab ref: 3.490)
  ||perturbed|| = 211.467   (vocab ref: 3.490)
  before: miscellaneous( 1.00 ) | Miscellaneous( 0.63 ) | various( 0.57 ) | assorted( 0.55 ) | Other( 0.52 ) | Assorted( 0.51 ) | Various( 0.51 ) | item( 0.51 ) | some( 0.51 ) | Misc( 0.51 )
  after : 유( 0.12 ) | remiss( 0.12 ) | adulteration( 0.11 ) | deciding( 0.11 ) | Mulch( 0.11 ) | SAVE( 0.11 ) | Crossref( 0.11 ) | worsening( 0.11 ) | Sickle( 0.10 ) | Allstate( 0.10 )
  ||delta||     = 211.430
  delta : 유( 0.11 ) | remiss( 0.11 ) | adulteration( 0.11 ) | deciding( 0.11 ) | Mulch( 0.11 ) | SAVE( 0.10 ) | Crossref( 0.10 ) | worsening( 0.10 ) | Sickle( 0.10 ) | Allstate( 0.10 )


================================================================================
Processing Example 2/3
Sentence: LONDON 1996-08-30
Tags:     ['person', 'location', 'organization', 'miscellaneous']
================================================================================

########################################################################
#   COSINE PROBE OF THE *PERTURBED* TAG REPRESENTATION
########################################################################
Reference: mean ||vocab embedding|| = 3.490

Token [2] "▁person" [cosine(orig,perturbed) = 0.120]
  ||original||  = 3.456   (vocab ref: 3.490)
  ||perturbed|| = 87.387   (vocab ref: 3.490)
  before: person( 1.00 ) | Person( 0.81 ) | PERSON( 0.76 ) | persons( 0.75 ) | people( 0.71 ) | Persons( 0.67 ) | man( 0.66 ) | someone( 0.65 ) | woman( 0.65 ) | People( 0.63 )
  after : slur( 0.18 ) | NETWORK( 0.17 ) | jus( 0.17 ) | Clearview( 0.17 ) | Rauner( 0.17 ) | disservice( 0.17 ) | horn( 0.16 ) | shabby( 0.16 ) | likeness( 0.16 ) | Pima( 0.16 )
  ||delta||     = 87.041
  delta : slur( 0.16 ) | NETWORK( 0.16 ) | Clearview( 0.15 ) | jus( 0.15 ) | Rauner( 0.15 ) | disservice( 0.15 ) | shabby( 0.15 ) | horn( 0.15 ) | likeness( 0.15 ) | PerimeterX( 0.14 )

Token [4] "▁location" [cosine(orig,perturbed) = 0.124]
  ||original||  = 3.437   (vocab ref: 3.490)
  ||perturbed|| = 87.621   (vocab ref: 3.490)
  before: location( 1.00 ) | locations( 0.87 ) | Location( 0.79 ) | Locations( 0.69 ) | located( 0.67 ) | LOCATION( 0.65 ) | locate( 0.63 ) | Located( 0.62 ) | locale( 0.61 ) | locating( 0.61 )
  after : cloth( 0.16 ) | 유( 0.16 ) | Canine( 0.16 ) | Rauner( 0.16 ) | misdemeanor( 0.15 ) | discussion( 0.15 ) | DeWine( 0.15 ) | Aotearoa( 0.15 ) | WGN( 0.15 ) | NETWORK( 0.15 )
  ||delta||     = 87.262
  delta : 유( 0.15 ) | cloth( 0.15 ) | Canine( 0.14 ) | Rauner( 0.14 ) | misdemeanor( 0.14 ) | Aotearoa( 0.14 ) | NETWORK( 0.14 ) | WGN( 0.14 ) | AIA( 0.14 ) | Mulch( 0.14 )

Token [6] "▁organization" [cosine(orig,perturbed) = 0.081]
  ||original||  = 3.477   (vocab ref: 3.490)
  ||perturbed|| = 111.850   (vocab ref: 3.490)
  before: organization( 1.00 ) | organizations( 0.88 ) | organisation( 0.83 ) | organisations( 0.78 ) | organizational( 0.75 ) | Organization( 0.72 ) | Organizations( 0.71 ) | ORGANIZATION( 0.71 ) | organized( 0.67 ) | organizing( 0.67 )
  after : 유( 0.18 ) | NETWORK( 0.17 ) | misdemeanor( 0.16 ) | GAIN( 0.16 ) | DeV( 0.16 ) | Shade( 0.16 ) | Rauner( 0.16 ) | distortion( 0.16 ) | Finlay( 0.16 ) | adulteration( 0.16 )
  ||delta||     = 111.621
  delta : 유( 0.17 ) | NETWORK( 0.15 ) | GAIN( 0.15 ) | misdemeanor( 0.15 ) | DeV( 0.15 ) | Shade( 0.14 ) | Rauner( 0.14 ) | Finlay( 0.14 ) | adulteration( 0.14 ) | distortion( 0.14 )

Token [8] "▁miscellaneous" [cosine(orig,perturbed) = 0.019]
  ||original||  = 3.347   (vocab ref: 3.490)
  ||perturbed|| = 211.467   (vocab ref: 3.490)
  before: miscellaneous( 1.00 ) | Miscellaneous( 0.63 ) | various( 0.57 ) | assorted( 0.55 ) | Other( 0.52 ) | Assorted( 0.51 ) | Various( 0.51 ) | item( 0.51 ) | some( 0.51 ) | Misc( 0.51 )
  after : 유( 0.12 ) | remiss( 0.12 ) | adulteration( 0.11 ) | deciding( 0.11 ) | Mulch( 0.11 ) | SAVE( 0.11 ) | Crossref( 0.11 ) | worsening( 0.11 ) | Sickle( 0.10 ) | Allstate( 0.10 )
  ||delta||     = 211.430
  delta : 유( 0.11 ) | remiss( 0.11 ) | adulteration( 0.11 ) | deciding( 0.11 ) | Mulch( 0.11 ) | SAVE( 0.10 ) | Crossref( 0.10 ) | worsening( 0.10 ) | Sickle( 0.10 ) | Allstate( 0.10 )


================================================================================
Processing Example 3/3
Sentence: West Indian all-rounder Phil Simmons took four for 38 on Friday as Leicestershire beat Somerset by an innings and 39 runs in two days to take over at the head of the county championship .
Tags:     ['person', 'location', 'organization', 'miscellaneous']
================================================================================

########################################################################
#   COSINE PROBE OF THE *PERTURBED* TAG REPRESENTATION
########################################################################
Reference: mean ||vocab embedding|| = 3.490

Token [2] "▁person" [cosine(orig,perturbed) = 0.120]
  ||original||  = 3.456   (vocab ref: 3.490)
  ||perturbed|| = 87.387   (vocab ref: 3.490)
  before: person( 1.00 ) | Person( 0.81 ) | PERSON( 0.76 ) | persons( 0.75 ) | people( 0.71 ) | Persons( 0.67 ) | man( 0.66 ) | someone( 0.65 ) | woman( 0.65 ) | People( 0.63 )
  after : slur( 0.18 ) | NETWORK( 0.17 ) | jus( 0.17 ) | Clearview( 0.17 ) | Rauner( 0.17 ) | disservice( 0.17 ) | horn( 0.16 ) | shabby( 0.16 ) | likeness( 0.16 ) | Pima( 0.16 )
  ||delta||     = 87.041
  delta : slur( 0.16 ) | NETWORK( 0.16 ) | Clearview( 0.15 ) | jus( 0.15 ) | Rauner( 0.15 ) | disservice( 0.15 ) | shabby( 0.15 ) | horn( 0.15 ) | likeness( 0.15 ) | PerimeterX( 0.14 )

Token [4] "▁location" [cosine(orig,perturbed) = 0.124]
  ||original||  = 3.437   (vocab ref: 3.490)
  ||perturbed|| = 87.621   (vocab ref: 3.490)
  before: location( 1.00 ) | locations( 0.87 ) | Location( 0.79 ) | Locations( 0.69 ) | located( 0.67 ) | LOCATION( 0.65 ) | locate( 0.63 ) | Located( 0.62 ) | locale( 0.61 ) | locating( 0.61 )
  after : cloth( 0.16 ) | 유( 0.16 ) | Canine( 0.16 ) | Rauner( 0.16 ) | misdemeanor( 0.15 ) | discussion( 0.15 ) | DeWine( 0.15 ) | Aotearoa( 0.15 ) | WGN( 0.15 ) | NETWORK( 0.15 )
  ||delta||     = 87.262
  delta : 유( 0.15 ) | cloth( 0.15 ) | Canine( 0.14 ) | Rauner( 0.14 ) | misdemeanor( 0.14 ) | Aotearoa( 0.14 ) | NETWORK( 0.14 ) | WGN( 0.14 ) | AIA( 0.14 ) | Mulch( 0.14 )

Token [6] "▁organization" [cosine(orig,perturbed) = 0.081]
  ||original||  = 3.477   (vocab ref: 3.490)
  ||perturbed|| = 111.850   (vocab ref: 3.490)
  before: organization( 1.00 ) | organizations( 0.88 ) | organisation( 0.83 ) | organisations( 0.78 ) | organizational( 0.75 ) | Organization( 0.72 ) | Organizations( 0.71 ) | ORGANIZATION( 0.71 ) | organized( 0.67 ) | organizing( 0.67 )
  after : 유( 0.18 ) | NETWORK( 0.17 ) | misdemeanor( 0.16 ) | GAIN( 0.16 ) | DeV( 0.16 ) | Shade( 0.16 ) | Rauner( 0.16 ) | distortion( 0.16 ) | Finlay( 0.16 ) | adulteration( 0.16 )
  ||delta||     = 111.621
  delta : 유( 0.17 ) | NETWORK( 0.15 ) | GAIN( 0.15 ) | misdemeanor( 0.15 ) | DeV( 0.15 ) | Shade( 0.14 ) | Rauner( 0.14 ) | Finlay( 0.14 ) | adulteration( 0.14 ) | distortion( 0.14 )

Token [8] "▁miscellaneous" [cosine(orig,perturbed) = 0.019]
  ||original||  = 3.347   (vocab ref: 3.490)
  ||perturbed|| = 211.467   (vocab ref: 3.490)
  before: miscellaneous( 1.00 ) | Miscellaneous( 0.63 ) | various( 0.57 ) | assorted( 0.55 ) | Other( 0.52 ) | Assorted( 0.51 ) | Various( 0.51 ) | item( 0.51 ) | some( 0.51 ) | Misc( 0.51 )
  after : 유( 0.12 ) | remiss( 0.12 ) | adulteration( 0.11 ) | deciding( 0.11 ) | Mulch( 0.11 ) | SAVE( 0.11 ) | Crossref( 0.11 ) | worsening( 0.11 ) | Sickle( 0.10 ) | Allstate( 0.10 )
  ||delta||     = 211.430
  delta : 유( 0.11 ) | remiss( 0.11 ) | adulteration( 0.11 ) | deciding( 0.11 ) | Mulch( 0.11 ) | SAVE( 0.10 ) | Crossref( 0.10 ) | worsening( 0.10 ) | Sickle( 0.10 ) | Allstate( 0.10 )

